<?xml version="1.0" encoding="UTF-8"?>
<!-- Generated by org.testng.reporters.JUnitReportReporter -->
<testsuite hostname="AUBRTGS" failures="0" tests="1" name="com.mindlabssolutions.mirtgs.aub.tests.ASYCUDATestSuite" time="10.116" errors="0" timestamp="2021-06-06T00:33:37 AFT" skipped="0">
  <testcase classname="com.mindlabssolutions.mirtgs.aub.tests.ASYCUDATestSuite" name="testASYCUDAOffline" time="10.116"/>
  <system-out/>
</testsuite> <!-- com.mindlabssolutions.mirtgs.aub.tests.ASYCUDATestSuite -->
